<?xml version="1.0" encoding="UTF-8"?>
<!-- Generated by org.testng.reporters.JUnitReportReporter -->
<testsuite skipped="0" hostname="Admin-PC" name="com.test.cnqaos.testcases.sampletest" tests="1" failures="0" timestamp="27 Dec 2018 06:28:48 GMT" time="9.582" errors="0">
  <testcase name="testq" time="9.582" classname="com.test.cnqaos.testcases.sampletest"/>
</testsuite> <!-- com.test.cnqaos.testcases.sampletest -->
