<?xml version="1.0" encoding="UTF-8"?>
<!-- Generated by org.testng.reporters.JUnitReportReporter -->
<testsuite skipped="0" hostname="Admin-PC" name="com.test.cnqaos.testcases.AddStudentTest" tests="1" failures="0" timestamp="09 Jan 2019 06:43:49 GMT" time="20.134" errors="0">
  <testcase name="addStudentTest" time="20.134" classname="com.test.cnqaos.testcases.AddStudentTest"/>
</testsuite> <!-- com.test.cnqaos.testcases.AddStudentTest -->
