<?xml version="1.0" encoding="UTF-8"?>
<!-- Generated by org.testng.reporters.JUnitReportReporter -->
<testsuite skipped="0" hostname="Admin-PC" name="com.test.cnqaos.testcases.logintest.ValidLoginTest" tests="3" failures="0" timestamp="27 Dec 2018 08:38:53 GMT" time="22.627" errors="0">
  <testcase name="validLoginTestCaseOne" time="7.952" classname="com.test.cnqaos.testcases.logintest.ValidLoginTest"/>
  <testcase name="validLoginTestCaseOne" time="7.594" classname="com.test.cnqaos.testcases.logintest.ValidLoginTest"/>
  <testcase name="validLoginTestCaseOne" time="7.081" classname="com.test.cnqaos.testcases.logintest.ValidLoginTest"/>
</testsuite> <!-- com.test.cnqaos.testcases.logintest.ValidLoginTest -->
