<?xml version="1.0" encoding="UTF-8"?>
<!-- Generated by org.testng.reporters.JUnitReportReporter -->
<testsuite skipped="0" hostname="Admin-PC" name="com.test.cnqaos.testcases.LoginTest" tests="3" failures="0" timestamp="27 Dec 2018 11:37:22 GMT" time="19.500" errors="0">
  <testcase name="validLoginTestCaseOne" time="6.436" classname="com.test.cnqaos.testcases.LoginTest"/>
  <testcase name="validLoginTestCaseOne" time="6.571" classname="com.test.cnqaos.testcases.LoginTest"/>
  <testcase name="validLoginTestCaseOne" time="6.493" classname="com.test.cnqaos.testcases.LoginTest"/>
</testsuite> <!-- com.test.cnqaos.testcases.LoginTest -->
