<?xml version="1.0" encoding="UTF-8"?>
<!-- Generated by org.testng.reporters.JUnitReportReporter -->
<testsuite skipped="0" hostname="Admin-PC" name="com.test.cnqaos.testcases.AddStudentTest" tests="1" failures="0" timestamp="27 Dec 2018 11:37:22 GMT" time="7.348" errors="0">
  <testcase name="newtest" time="7.348" classname="com.test.cnqaos.testcases.AddStudentTest"/>
</testsuite> <!-- com.test.cnqaos.testcases.AddStudentTest -->
