<?xml version="1.0" encoding="UTF-8"?>
<!-- Generated by org.testng.reporters.JUnitReportReporter -->
<testsuite skipped="0" hostname="Admin-PC" name="com.test.cnqaos.testcases.AddUserTest" tests="1" failures="0" timestamp="27 Dec 2018 11:37:22 GMT" time="6.616" errors="0">
  <testcase name="Test1233" time="6.616" classname="com.test.cnqaos.testcases.AddUserTest"/>
</testsuite> <!-- com.test.cnqaos.testcases.AddUserTest -->
